2016-11-10 23:46:36.452 La columna ""DELETEME1478832396442"."UNUSED"" añadió a la representación de la table.
2016-11-10 23:46:36.457 Attempt to find JDBC driver 'typeInfo' for jdbc-type=INTEGER but sql-type=INTEGER is not found. Using default sql-type for this jdbc-type.
2016-11-10 23:46:36.457 Crear la tabla "DELETEME1478832396442"
2016-11-10 23:46:36.466 CREATE TABLE "DELETEME1478832396442"
(
    "UNUSED" int4 NOT NULL
)
2016-11-10 23:46:36.470 Tiempo de cumplir = 4 ms
2016-11-10 23:46:36.476 No era posible determinar el nombre del catalogo por este DataStore
2016-11-10 23:46:36.476 Borrar la tabla "DELETEME1478832396442"
2016-11-10 23:46:36.477 DROP TABLE "DELETEME1478832396442" CASCADE
2016-11-10 23:46:36.480 Tiempo de cumplir = 2 ms
2016-11-10 23:46:36.911 La columna ""DELETEME1478832396910"."UNUSED"" añadió a la representación de la table.
2016-11-10 23:46:36.911 Attempt to find JDBC driver 'typeInfo' for jdbc-type=INTEGER but sql-type=INTEGER is not found. Using default sql-type for this jdbc-type.
2016-11-10 23:46:36.911 Crear la tabla "DELETEME1478832396910"
2016-11-10 23:46:36.912 CREATE TABLE "DELETEME1478832396910"
(
    "UNUSED" int4 NOT NULL
)
2016-11-10 23:46:36.914 Tiempo de cumplir = 2 ms
2016-11-10 23:46:36.919 No era posible determinar el nombre del catalogo por este DataStore
2016-11-10 23:46:36.920 Borrar la tabla "DELETEME1478832396910"
2016-11-10 23:46:36.920 DROP TABLE "DELETEME1478832396910" CASCADE
2016-11-10 23:46:36.922 Tiempo de cumplir = 2 ms
2016-11-10 23:46:37.251 La columna ""mister"."Personal"."personal_id"" añadió a la representación de la table.
2016-11-10 23:46:37.252 Attempt to find JDBC driver 'typeInfo' for jdbc-type=BIGINT but sql-type=BIGINT is not found. Using default sql-type for this jdbc-type.
2016-11-10 23:46:37.252 Campo [DATASTORE_ID] -> Columnas ["mister"."Personal"."personal_id"] usando mapping del tipo "org.datanucleus.store.rdbms.mapping.java.DatastoreIdMapping" (org.datanucleus.store.rdbms.mapping.datastore.BigIntRDBMSMapping)
2016-11-10 23:46:37.255 La columna ""mister"."SubRubro"."subrubro_id"" añadió a la representación de la table.
2016-11-10 23:46:37.255 Attempt to find JDBC driver 'typeInfo' for jdbc-type=BIGINT but sql-type=BIGINT is not found. Using default sql-type for this jdbc-type.
2016-11-10 23:46:37.255 Campo [DATASTORE_ID] -> Columnas ["mister"."SubRubro"."subrubro_id"] usando mapping del tipo "org.datanucleus.store.rdbms.mapping.java.DatastoreIdMapping" (org.datanucleus.store.rdbms.mapping.datastore.BigIntRDBMSMapping)
2016-11-10 23:46:37.255 La columna ""mister"."Rubro"."rubro_id"" añadió a la representación de la table.
2016-11-10 23:46:37.256 Attempt to find JDBC driver 'typeInfo' for jdbc-type=BIGINT but sql-type=BIGINT is not found. Using default sql-type for this jdbc-type.
2016-11-10 23:46:37.256 Campo [DATASTORE_ID] -> Columnas ["mister"."Rubro"."rubro_id"] usando mapping del tipo "org.datanucleus.store.rdbms.mapping.java.DatastoreIdMapping" (org.datanucleus.store.rdbms.mapping.datastore.BigIntRDBMSMapping)
2016-11-10 23:46:37.256 La columna ""mister"."Proveedor"."proveedor_id"" añadió a la representación de la table.
2016-11-10 23:46:37.256 Attempt to find JDBC driver 'typeInfo' for jdbc-type=BIGINT but sql-type=BIGINT is not found. Using default sql-type for this jdbc-type.
2016-11-10 23:46:37.256 Campo [DATASTORE_ID] -> Columnas ["mister"."Proveedor"."proveedor_id"] usando mapping del tipo "org.datanucleus.store.rdbms.mapping.java.DatastoreIdMapping" (org.datanucleus.store.rdbms.mapping.datastore.BigIntRDBMSMapping)
2016-11-10 23:46:37.256 La columna ""mister"."Articulo"."articulo_id"" añadió a la representación de la table.
2016-11-10 23:46:37.256 Attempt to find JDBC driver 'typeInfo' for jdbc-type=BIGINT but sql-type=BIGINT is not found. Using default sql-type for this jdbc-type.
2016-11-10 23:46:37.257 Campo [DATASTORE_ID] -> Columnas ["mister"."Articulo"."articulo_id"] usando mapping del tipo "org.datanucleus.store.rdbms.mapping.java.DatastoreIdMapping" (org.datanucleus.store.rdbms.mapping.datastore.BigIntRDBMSMapping)
2016-11-10 23:46:37.257 La columna ""mister"."Combo"."combo_id"" añadió a la representación de la table.
2016-11-10 23:46:37.257 Attempt to find JDBC driver 'typeInfo' for jdbc-type=BIGINT but sql-type=BIGINT is not found. Using default sql-type for this jdbc-type.
2016-11-10 23:46:37.257 Campo [DATASTORE_ID] -> Columnas ["mister"."Combo"."combo_id"] usando mapping del tipo "org.datanucleus.store.rdbms.mapping.java.DatastoreIdMapping" (org.datanucleus.store.rdbms.mapping.datastore.BigIntRDBMSMapping)
2016-11-10 23:46:37.257 La columna ""mister"."ComboArticulo"."comboArt_id"" añadió a la representación de la table.
2016-11-10 23:46:37.257 Attempt to find JDBC driver 'typeInfo' for jdbc-type=BIGINT but sql-type=BIGINT is not found. Using default sql-type for this jdbc-type.
2016-11-10 23:46:37.257 Campo [DATASTORE_ID] -> Columnas ["mister"."ComboArticulo"."comboArt_id"] usando mapping del tipo "org.datanucleus.store.rdbms.mapping.java.DatastoreIdMapping" (org.datanucleus.store.rdbms.mapping.datastore.BigIntRDBMSMapping)
2016-11-10 23:46:37.258 La columna ""mister"."Cliente"."cliente_id"" añadió a la representación de la table.
2016-11-10 23:46:37.258 Attempt to find JDBC driver 'typeInfo' for jdbc-type=BIGINT but sql-type=BIGINT is not found. Using default sql-type for this jdbc-type.
2016-11-10 23:46:37.258 Campo [DATASTORE_ID] -> Columnas ["mister"."Cliente"."cliente_id"] usando mapping del tipo "org.datanucleus.store.rdbms.mapping.java.DatastoreIdMapping" (org.datanucleus.store.rdbms.mapping.datastore.BigIntRDBMSMapping)
2016-11-10 23:46:37.258 La tabla "mister"."Rubro" va a manejar la persistencia de los campos de la clase domainapp.dom.mister.Rubro.Rubro (estrategia de heredar="new-table")
2016-11-10 23:46:37.259 La columna ""mister"."Rubro"."nombre"" añadió a la representación de la table.
2016-11-10 23:46:37.261 Campo [domainapp.dom.mister.Rubro.Rubro.nombre] -> Columnas ["mister"."Rubro"."nombre"] usando mapping del tipo "org.datanucleus.store.rdbms.mapping.java.StringMapping" (org.datanucleus.store.rdbms.mapping.datastore.VarCharRDBMSMapping)
2016-11-10 23:46:37.265 Campo [domainapp.dom.mister.Rubro.Rubro.subrubro] -> Columnas [[none]] usando mapping del tipo "org.datanucleus.store.rdbms.mapping.java.CollectionMapping" ()
2016-11-10 23:46:37.265 La columna ""mister"."Rubro"."version"" añadió a la representación de la table.
2016-11-10 23:46:37.266 Attempt to find JDBC driver 'typeInfo' for jdbc-type=BIGINT but sql-type=BIGINT is not found. Using default sql-type for this jdbc-type.
2016-11-10 23:46:37.266 Campo [VERSION] -> Columnas ["mister"."Rubro"."version"] usando mapping del tipo "org.datanucleus.store.rdbms.mapping.java.VersionLongMapping" (org.datanucleus.store.rdbms.mapping.datastore.BigIntRDBMSMapping)
2016-11-10 23:46:37.266 Table/View "mister"."Rubro" ha sido inicializado
2016-11-10 23:46:37.266 La tabla "mister"."Combo" va a manejar la persistencia de los campos de la clase domainapp.dom.mister.Articulo.Combo (estrategia de heredar="new-table")
2016-11-10 23:46:37.266 La columna ""mister"."Combo"."activo"" añadió a la representación de la table.
2016-11-10 23:46:37.267 Attempt to find JDBC driver 'typeInfo' for jdbc-type=BIT but sql-type=BIT is not found. Using default sql-type for this jdbc-type.
2016-11-10 23:46:37.267 Campo [domainapp.dom.mister.Articulo.Combo.activo] -> Columnas ["mister"."Combo"."activo"] usando mapping del tipo "org.datanucleus.store.rdbms.mapping.java.BooleanMapping" (org.datanucleus.store.rdbms.mapping.datastore.BitRDBMSMapping)
2016-11-10 23:46:37.269 La columna ""mister"."Combo"."fechaAlta"" añadió a la representación de la table.
2016-11-10 23:46:37.270 Campo [domainapp.dom.mister.Articulo.Combo.fechaAlta] -> Columnas ["mister"."Combo"."fechaAlta"] usando mapping del tipo "org.datanucleus.store.rdbms.mapping.java.TypeConverterMapping" (org.datanucleus.store.rdbms.mapping.datastore.DateRDBMSMapping)
2016-11-10 23:46:37.270 La columna ""mister"."Combo"."nombre"" añadió a la representación de la table.
2016-11-10 23:46:37.270 Campo [domainapp.dom.mister.Articulo.Combo.nombre] -> Columnas ["mister"."Combo"."nombre"] usando mapping del tipo "org.datanucleus.store.rdbms.mapping.java.StringMapping" (org.datanucleus.store.rdbms.mapping.datastore.VarCharRDBMSMapping)
2016-11-10 23:46:37.270 La columna ""mister"."Combo"."observaciones"" añadió a la representación de la table.
2016-11-10 23:46:37.270 Campo [domainapp.dom.mister.Articulo.Combo.observaciones] -> Columnas ["mister"."Combo"."observaciones"] usando mapping del tipo "org.datanucleus.store.rdbms.mapping.java.StringMapping" (org.datanucleus.store.rdbms.mapping.datastore.VarCharRDBMSMapping)
2016-11-10 23:46:37.272 La columna ""mister"."Combo"."personal_personal_id_OID"" añadió a la representación de la table.
2016-11-10 23:46:37.273 Attempt to find JDBC driver 'typeInfo' for jdbc-type=BIGINT but sql-type=BIGINT is not found. Using default sql-type for this jdbc-type.
2016-11-10 23:46:37.273 Campo [domainapp.dom.mister.Articulo.Combo.personal] -> Columnas ["mister"."Combo"."personal_personal_id_OID"] usando mapping del tipo "org.datanucleus.store.rdbms.mapping.java.PersistableMapping" (org.datanucleus.store.rdbms.mapping.datastore.BigIntRDBMSMapping)
2016-11-10 23:46:37.273 La columna ""mister"."Combo"."precioVenta"" añadió a la representación de la table.
2016-11-10 23:46:37.274 Attempt to find JDBC driver 'typeInfo' for jdbc-type=DOUBLE but sql-type=DOUBLE is not found. Using default sql-type for this jdbc-type.
2016-11-10 23:46:37.274 Campo [domainapp.dom.mister.Articulo.Combo.precioVenta] -> Columnas ["mister"."Combo"."precioVenta"] usando mapping del tipo "org.datanucleus.store.rdbms.mapping.java.FloatMapping" (org.datanucleus.store.rdbms.mapping.datastore.DoubleRDBMSMapping)
2016-11-10 23:46:37.274 La columna ""mister"."Combo"."version"" añadió a la representación de la table.
2016-11-10 23:46:37.275 Attempt to find JDBC driver 'typeInfo' for jdbc-type=TIMESTAMP but sql-type=TIMESTAMP is not found. Using default sql-type for this jdbc-type.
2016-11-10 23:46:37.275 Campo [VERSION] -> Columnas ["mister"."Combo"."version"] usando mapping del tipo "org.datanucleus.store.rdbms.mapping.java.VersionTimestampMapping" (org.datanucleus.store.rdbms.mapping.datastore.TimestampRDBMSMapping)
2016-11-10 23:46:37.275 Table/View "mister"."Combo" ha sido inicializado
2016-11-10 23:46:37.275 La tabla "mister"."ComboArticulo" va a manejar la persistencia de los campos de la clase domainapp.dom.mister.Articulo.ComboArticulo (estrategia de heredar="new-table")
2016-11-10 23:46:37.276 La columna ""mister"."ComboArticulo"."articulo_articulo_id_OID"" añadió a la representación de la table.
2016-11-10 23:46:37.276 Attempt to find JDBC driver 'typeInfo' for jdbc-type=BIGINT but sql-type=BIGINT is not found. Using default sql-type for this jdbc-type.
2016-11-10 23:46:37.276 Campo [domainapp.dom.mister.Articulo.ComboArticulo.articulo] -> Columnas ["mister"."ComboArticulo"."articulo_articulo_id_OID"] usando mapping del tipo "org.datanucleus.store.rdbms.mapping.java.PersistableMapping" (org.datanucleus.store.rdbms.mapping.datastore.BigIntRDBMSMapping)
2016-11-10 23:46:37.276 La columna ""mister"."ComboArticulo"."cantidad"" añadió a la representación de la table.
2016-11-10 23:46:37.276 Attempt to find JDBC driver 'typeInfo' for jdbc-type=INTEGER but sql-type=INTEGER is not found. Using default sql-type for this jdbc-type.
2016-11-10 23:46:37.277 Campo [domainapp.dom.mister.Articulo.ComboArticulo.cantidad] -> Columnas ["mister"."ComboArticulo"."cantidad"] usando mapping del tipo "org.datanucleus.store.rdbms.mapping.java.IntegerMapping" (org.datanucleus.store.rdbms.mapping.datastore.IntegerRDBMSMapping)
2016-11-10 23:46:37.277 La columna ""mister"."ComboArticulo"."combo_combo_id_OID"" añadió a la representación de la table.
2016-11-10 23:46:37.277 Attempt to find JDBC driver 'typeInfo' for jdbc-type=BIGINT but sql-type=BIGINT is not found. Using default sql-type for this jdbc-type.
2016-11-10 23:46:37.278 Campo [domainapp.dom.mister.Articulo.ComboArticulo.combo] -> Columnas ["mister"."ComboArticulo"."combo_combo_id_OID"] usando mapping del tipo "org.datanucleus.store.rdbms.mapping.java.PersistableMapping" (org.datanucleus.store.rdbms.mapping.datastore.BigIntRDBMSMapping)
2016-11-10 23:46:37.278 La columna ""mister"."ComboArticulo"."version"" añadió a la representación de la table.
2016-11-10 23:46:37.278 Attempt to find JDBC driver 'typeInfo' for jdbc-type=TIMESTAMP but sql-type=TIMESTAMP is not found. Using default sql-type for this jdbc-type.
2016-11-10 23:46:37.278 Campo [VERSION] -> Columnas ["mister"."ComboArticulo"."version"] usando mapping del tipo "org.datanucleus.store.rdbms.mapping.java.VersionTimestampMapping" (org.datanucleus.store.rdbms.mapping.datastore.TimestampRDBMSMapping)
2016-11-10 23:46:37.278 Table/View "mister"."ComboArticulo" ha sido inicializado
2016-11-10 23:46:37.278 La tabla "mister"."SubRubro" va a manejar la persistencia de los campos de la clase domainapp.dom.mister.SubRubro.SubRubro (estrategia de heredar="new-table")
2016-11-10 23:46:37.279 La columna ""mister"."SubRubro"."nombre"" añadió a la representación de la table.
2016-11-10 23:46:37.279 Campo [domainapp.dom.mister.SubRubro.SubRubro.nombre] -> Columnas ["mister"."SubRubro"."nombre"] usando mapping del tipo "org.datanucleus.store.rdbms.mapping.java.StringMapping" (org.datanucleus.store.rdbms.mapping.datastore.VarCharRDBMSMapping)
2016-11-10 23:46:37.279 La columna ""mister"."SubRubro"."rubro_rubro_id_OID"" añadió a la representación de la table.
2016-11-10 23:46:37.280 Attempt to find JDBC driver 'typeInfo' for jdbc-type=BIGINT but sql-type=BIGINT is not found. Using default sql-type for this jdbc-type.
2016-11-10 23:46:37.280 Campo [domainapp.dom.mister.SubRubro.SubRubro.rubro] -> Columnas ["mister"."SubRubro"."rubro_rubro_id_OID"] usando mapping del tipo "org.datanucleus.store.rdbms.mapping.java.PersistableMapping" (org.datanucleus.store.rdbms.mapping.datastore.BigIntRDBMSMapping)
2016-11-10 23:46:37.280 La columna ""mister"."SubRubro"."version"" añadió a la representación de la table.
2016-11-10 23:46:37.280 Attempt to find JDBC driver 'typeInfo' for jdbc-type=BIGINT but sql-type=BIGINT is not found. Using default sql-type for this jdbc-type.
2016-11-10 23:46:37.280 Campo [VERSION] -> Columnas ["mister"."SubRubro"."version"] usando mapping del tipo "org.datanucleus.store.rdbms.mapping.java.VersionLongMapping" (org.datanucleus.store.rdbms.mapping.datastore.BigIntRDBMSMapping)
2016-11-10 23:46:37.280 Table/View "mister"."SubRubro" ha sido inicializado
2016-11-10 23:46:37.281 La tabla "mister"."Personal" va a manejar la persistencia de los campos de la clase domainapp.dom.mister.Personal.Personal (estrategia de heredar="new-table")
2016-11-10 23:46:37.284 La columna ""mister"."Personal"."categoria"" añadió a la representación de la table.
2016-11-10 23:46:37.285 Campo [domainapp.dom.mister.Personal.Personal.categoria] -> Columnas ["mister"."Personal"."categoria"] usando mapping del tipo "org.datanucleus.store.rdbms.mapping.java.EnumMapping" (org.datanucleus.store.rdbms.mapping.datastore.VarCharRDBMSMapping)
2016-11-10 23:46:37.285 La columna ""mister"."Personal"."legajo"" añadió a la representación de la table.
2016-11-10 23:46:37.285 Attempt to find JDBC driver 'typeInfo' for jdbc-type=INTEGER but sql-type=INTEGER is not found. Using default sql-type for this jdbc-type.
2016-11-10 23:46:37.285 Campo [domainapp.dom.mister.Personal.Personal.legajo] -> Columnas ["mister"."Personal"."legajo"] usando mapping del tipo "org.datanucleus.store.rdbms.mapping.java.IntegerMapping" (org.datanucleus.store.rdbms.mapping.datastore.IntegerRDBMSMapping)
2016-11-10 23:46:37.286 La tabla "mister"."Personal" va a manejar la persistencia de los campos de la clase domainapp.dom.mister.Persona (estrategia de heredar="subclass-table")
2016-11-10 23:46:37.286 La columna ""mister"."Personal"."apellido"" añadió a la representación de la table.
2016-11-10 23:46:37.286 Campo [domainapp.dom.mister.Persona.apellido] -> Columnas ["mister"."Personal"."apellido"] usando mapping del tipo "org.datanucleus.store.rdbms.mapping.java.StringMapping" (org.datanucleus.store.rdbms.mapping.datastore.VarCharRDBMSMapping)
2016-11-10 23:46:37.286 La columna ""mister"."Personal"."direccion"" añadió a la representación de la table.
2016-11-10 23:46:37.287 Campo [domainapp.dom.mister.Persona.direccion] -> Columnas ["mister"."Personal"."direccion"] usando mapping del tipo "org.datanucleus.store.rdbms.mapping.java.StringMapping" (org.datanucleus.store.rdbms.mapping.datastore.VarCharRDBMSMapping)
2016-11-10 23:46:37.287 La columna ""mister"."Personal"."dni"" añadió a la representación de la table.
2016-11-10 23:46:37.287 Attempt to find JDBC driver 'typeInfo' for jdbc-type=INTEGER but sql-type=INTEGER is not found. Using default sql-type for this jdbc-type.
2016-11-10 23:46:37.287 Campo [domainapp.dom.mister.Persona.dni] -> Columnas ["mister"."Personal"."dni"] usando mapping del tipo "org.datanucleus.store.rdbms.mapping.java.IntegerMapping" (org.datanucleus.store.rdbms.mapping.datastore.IntegerRDBMSMapping)
2016-11-10 23:46:37.288 La columna ""mister"."Personal"."email"" añadió a la representación de la table.
2016-11-10 23:46:37.288 Campo [domainapp.dom.mister.Persona.email] -> Columnas ["mister"."Personal"."email"] usando mapping del tipo "org.datanucleus.store.rdbms.mapping.java.StringMapping" (org.datanucleus.store.rdbms.mapping.datastore.VarCharRDBMSMapping)
2016-11-10 23:46:37.288 La columna ""mister"."Personal"."nombre"" añadió a la representación de la table.
2016-11-10 23:46:37.288 Campo [domainapp.dom.mister.Persona.nombre] -> Columnas ["mister"."Personal"."nombre"] usando mapping del tipo "org.datanucleus.store.rdbms.mapping.java.StringMapping" (org.datanucleus.store.rdbms.mapping.datastore.VarCharRDBMSMapping)
2016-11-10 23:46:37.288 La columna ""mister"."Personal"."telefono"" añadió a la representación de la table.
2016-11-10 23:46:37.289 Attempt to find JDBC driver 'typeInfo' for jdbc-type=INTEGER but sql-type=INTEGER is not found. Using default sql-type for this jdbc-type.
2016-11-10 23:46:37.289 Campo [domainapp.dom.mister.Persona.telefono] -> Columnas ["mister"."Personal"."telefono"] usando mapping del tipo "org.datanucleus.store.rdbms.mapping.java.IntegerMapping" (org.datanucleus.store.rdbms.mapping.datastore.IntegerRDBMSMapping)
2016-11-10 23:46:37.289 La columna ""mister"."Personal"."version"" añadió a la representación de la table.
2016-11-10 23:46:37.289 Attempt to find JDBC driver 'typeInfo' for jdbc-type=TIMESTAMP but sql-type=TIMESTAMP is not found. Using default sql-type for this jdbc-type.
2016-11-10 23:46:37.289 Campo [VERSION] -> Columnas ["mister"."Personal"."version"] usando mapping del tipo "org.datanucleus.store.rdbms.mapping.java.VersionTimestampMapping" (org.datanucleus.store.rdbms.mapping.datastore.TimestampRDBMSMapping)
2016-11-10 23:46:37.289 Table/View "mister"."Personal" ha sido inicializado
2016-11-10 23:46:37.290 La tabla "mister"."Proveedor" va a manejar la persistencia de los campos de la clase domainapp.dom.mister.Proveedor.Proveedor (estrategia de heredar="new-table")
2016-11-10 23:46:37.290 La columna ""mister"."Proveedor"."condicion"" añadió a la representación de la table.
2016-11-10 23:46:37.290 Campo [domainapp.dom.mister.Proveedor.Proveedor.condicion] -> Columnas ["mister"."Proveedor"."condicion"] usando mapping del tipo "org.datanucleus.store.rdbms.mapping.java.EnumMapping" (org.datanucleus.store.rdbms.mapping.datastore.VarCharRDBMSMapping)
2016-11-10 23:46:37.290 La columna ""mister"."Proveedor"."contacto"" añadió a la representación de la table.
2016-11-10 23:46:37.291 Campo [domainapp.dom.mister.Proveedor.Proveedor.contacto] -> Columnas ["mister"."Proveedor"."contacto"] usando mapping del tipo "org.datanucleus.store.rdbms.mapping.java.StringMapping" (org.datanucleus.store.rdbms.mapping.datastore.VarCharRDBMSMapping)
2016-11-10 23:46:37.291 La columna ""mister"."Proveedor"."correoElectronico"" añadió a la representación de la table.
2016-11-10 23:46:37.291 Campo [domainapp.dom.mister.Proveedor.Proveedor.correoElectronico] -> Columnas ["mister"."Proveedor"."correoElectronico"] usando mapping del tipo "org.datanucleus.store.rdbms.mapping.java.StringMapping" (org.datanucleus.store.rdbms.mapping.datastore.VarCharRDBMSMapping)
2016-11-10 23:46:37.291 La columna ""mister"."Proveedor"."cuit"" añadió a la representación de la table.
2016-11-10 23:46:37.291 Campo [domainapp.dom.mister.Proveedor.Proveedor.cuit] -> Columnas ["mister"."Proveedor"."cuit"] usando mapping del tipo "org.datanucleus.store.rdbms.mapping.java.StringMapping" (org.datanucleus.store.rdbms.mapping.datastore.VarCharRDBMSMapping)
2016-11-10 23:46:37.292 La columna ""mister"."Proveedor"."direccion"" añadió a la representación de la table.
2016-11-10 23:46:37.292 Campo [domainapp.dom.mister.Proveedor.Proveedor.direccion] -> Columnas ["mister"."Proveedor"."direccion"] usando mapping del tipo "org.datanucleus.store.rdbms.mapping.java.StringMapping" (org.datanucleus.store.rdbms.mapping.datastore.VarCharRDBMSMapping)
2016-11-10 23:46:37.292 La columna ""mister"."Proveedor"."nombreComercial"" añadió a la representación de la table.
2016-11-10 23:46:37.292 Campo [domainapp.dom.mister.Proveedor.Proveedor.nombreComercial] -> Columnas ["mister"."Proveedor"."nombreComercial"] usando mapping del tipo "org.datanucleus.store.rdbms.mapping.java.StringMapping" (org.datanucleus.store.rdbms.mapping.datastore.VarCharRDBMSMapping)
2016-11-10 23:46:37.293 La columna ""mister"."Proveedor"."rubro_rubro_id_OID"" añadió a la representación de la table.
2016-11-10 23:46:37.293 Attempt to find JDBC driver 'typeInfo' for jdbc-type=BIGINT but sql-type=BIGINT is not found. Using default sql-type for this jdbc-type.
2016-11-10 23:46:37.293 Campo [domainapp.dom.mister.Proveedor.Proveedor.rubro] -> Columnas ["mister"."Proveedor"."rubro_rubro_id_OID"] usando mapping del tipo "org.datanucleus.store.rdbms.mapping.java.PersistableMapping" (org.datanucleus.store.rdbms.mapping.datastore.BigIntRDBMSMapping)
2016-11-10 23:46:37.294 La columna ""mister"."Proveedor"."telefono"" añadió a la representación de la table.
2016-11-10 23:46:37.294 Campo [domainapp.dom.mister.Proveedor.Proveedor.telefono] -> Columnas ["mister"."Proveedor"."telefono"] usando mapping del tipo "org.datanucleus.store.rdbms.mapping.java.StringMapping" (org.datanucleus.store.rdbms.mapping.datastore.VarCharRDBMSMapping)
2016-11-10 23:46:37.294 La columna ""mister"."Proveedor"."version"" añadió a la representación de la table.
2016-11-10 23:46:37.295 Attempt to find JDBC driver 'typeInfo' for jdbc-type=BIGINT but sql-type=BIGINT is not found. Using default sql-type for this jdbc-type.
2016-11-10 23:46:37.295 Campo [VERSION] -> Columnas ["mister"."Proveedor"."version"] usando mapping del tipo "org.datanucleus.store.rdbms.mapping.java.VersionLongMapping" (org.datanucleus.store.rdbms.mapping.datastore.BigIntRDBMSMapping)
2016-11-10 23:46:37.295 Table/View "mister"."Proveedor" ha sido inicializado
2016-11-10 23:46:37.295 La tabla "mister"."Cliente" va a manejar la persistencia de los campos de la clase domainapp.dom.mister.Cliente.Cliente (estrategia de heredar="new-table")
2016-11-10 23:46:37.295 La columna ""mister"."Cliente"."observaciones"" añadió a la representación de la table.
2016-11-10 23:46:37.296 Campo [domainapp.dom.mister.Cliente.Cliente.observaciones] -> Columnas ["mister"."Cliente"."observaciones"] usando mapping del tipo "org.datanucleus.store.rdbms.mapping.java.StringMapping" (org.datanucleus.store.rdbms.mapping.datastore.VarCharRDBMSMapping)
2016-11-10 23:46:37.296 La tabla "mister"."Cliente" va a manejar la persistencia de los campos de la clase domainapp.dom.mister.Persona (estrategia de heredar="subclass-table")
2016-11-10 23:46:37.296 La columna ""mister"."Cliente"."apellido"" añadió a la representación de la table.
2016-11-10 23:46:37.297 Campo [domainapp.dom.mister.Persona.apellido] -> Columnas ["mister"."Cliente"."apellido"] usando mapping del tipo "org.datanucleus.store.rdbms.mapping.java.StringMapping" (org.datanucleus.store.rdbms.mapping.datastore.VarCharRDBMSMapping)
2016-11-10 23:46:37.297 La columna ""mister"."Cliente"."direccion"" añadió a la representación de la table.
2016-11-10 23:46:37.297 Campo [domainapp.dom.mister.Persona.direccion] -> Columnas ["mister"."Cliente"."direccion"] usando mapping del tipo "org.datanucleus.store.rdbms.mapping.java.StringMapping" (org.datanucleus.store.rdbms.mapping.datastore.VarCharRDBMSMapping)
2016-11-10 23:46:37.297 La columna ""mister"."Cliente"."dni"" añadió a la representación de la table.
2016-11-10 23:46:37.297 Attempt to find JDBC driver 'typeInfo' for jdbc-type=INTEGER but sql-type=INTEGER is not found. Using default sql-type for this jdbc-type.
2016-11-10 23:46:37.297 Campo [domainapp.dom.mister.Persona.dni] -> Columnas ["mister"."Cliente"."dni"] usando mapping del tipo "org.datanucleus.store.rdbms.mapping.java.IntegerMapping" (org.datanucleus.store.rdbms.mapping.datastore.IntegerRDBMSMapping)
2016-11-10 23:46:37.298 La columna ""mister"."Cliente"."email"" añadió a la representación de la table.
2016-11-10 23:46:37.298 Campo [domainapp.dom.mister.Persona.email] -> Columnas ["mister"."Cliente"."email"] usando mapping del tipo "org.datanucleus.store.rdbms.mapping.java.StringMapping" (org.datanucleus.store.rdbms.mapping.datastore.VarCharRDBMSMapping)
2016-11-10 23:46:37.298 La columna ""mister"."Cliente"."nombre"" añadió a la representación de la table.
2016-11-10 23:46:37.298 Campo [domainapp.dom.mister.Persona.nombre] -> Columnas ["mister"."Cliente"."nombre"] usando mapping del tipo "org.datanucleus.store.rdbms.mapping.java.StringMapping" (org.datanucleus.store.rdbms.mapping.datastore.VarCharRDBMSMapping)
2016-11-10 23:46:37.298 La columna ""mister"."Cliente"."telefono"" añadió a la representación de la table.
2016-11-10 23:46:37.298 Attempt to find JDBC driver 'typeInfo' for jdbc-type=INTEGER but sql-type=INTEGER is not found. Using default sql-type for this jdbc-type.
2016-11-10 23:46:37.298 Campo [domainapp.dom.mister.Persona.telefono] -> Columnas ["mister"."Cliente"."telefono"] usando mapping del tipo "org.datanucleus.store.rdbms.mapping.java.IntegerMapping" (org.datanucleus.store.rdbms.mapping.datastore.IntegerRDBMSMapping)
2016-11-10 23:46:37.299 La columna ""mister"."Cliente"."version"" añadió a la representación de la table.
2016-11-10 23:46:37.299 Attempt to find JDBC driver 'typeInfo' for jdbc-type=TIMESTAMP but sql-type=TIMESTAMP is not found. Using default sql-type for this jdbc-type.
2016-11-10 23:46:37.299 Campo [VERSION] -> Columnas ["mister"."Cliente"."version"] usando mapping del tipo "org.datanucleus.store.rdbms.mapping.java.VersionTimestampMapping" (org.datanucleus.store.rdbms.mapping.datastore.TimestampRDBMSMapping)
2016-11-10 23:46:37.299 Table/View "mister"."Cliente" ha sido inicializado
2016-11-10 23:46:37.299 La tabla "mister"."Articulo" va a manejar la persistencia de los campos de la clase domainapp.dom.mister.Articulo.Articulo (estrategia de heredar="new-table")
2016-11-10 23:46:37.299 La columna ""mister"."Articulo"."activo"" añadió a la representación de la table.
2016-11-10 23:46:37.299 Attempt to find JDBC driver 'typeInfo' for jdbc-type=BIT but sql-type=BIT is not found. Using default sql-type for this jdbc-type.
2016-11-10 23:46:37.299 Campo [domainapp.dom.mister.Articulo.Articulo.activo] -> Columnas ["mister"."Articulo"."activo"] usando mapping del tipo "org.datanucleus.store.rdbms.mapping.java.BooleanMapping" (org.datanucleus.store.rdbms.mapping.datastore.BitRDBMSMapping)
2016-11-10 23:46:37.300 La columna ""mister"."Articulo"."codBarra"" añadió a la representación de la table.
2016-11-10 23:46:37.300 Attempt to find JDBC driver 'typeInfo' for jdbc-type=BIGINT but sql-type=BIGINT is not found. Using default sql-type for this jdbc-type.
2016-11-10 23:46:37.300 Campo [domainapp.dom.mister.Articulo.Articulo.codBarra] -> Columnas ["mister"."Articulo"."codBarra"] usando mapping del tipo "org.datanucleus.store.rdbms.mapping.java.LongMapping" (org.datanucleus.store.rdbms.mapping.datastore.BigIntRDBMSMapping)
2016-11-10 23:46:37.301 La columna ""mister"."Articulo"."codigo"" añadió a la representación de la table.
2016-11-10 23:46:37.301 Attempt to find JDBC driver 'typeInfo' for jdbc-type=INTEGER but sql-type=INTEGER is not found. Using default sql-type for this jdbc-type.
2016-11-10 23:46:37.301 Campo [domainapp.dom.mister.Articulo.Articulo.codigo] -> Columnas ["mister"."Articulo"."codigo"] usando mapping del tipo "org.datanucleus.store.rdbms.mapping.java.IntegerMapping" (org.datanucleus.store.rdbms.mapping.datastore.IntegerRDBMSMapping)
2016-11-10 23:46:37.301 La columna ""mister"."Articulo"."fechaAlta"" añadió a la representación de la table.
2016-11-10 23:46:37.302 Campo [domainapp.dom.mister.Articulo.Articulo.fechaAlta] -> Columnas ["mister"."Articulo"."fechaAlta"] usando mapping del tipo "org.datanucleus.store.rdbms.mapping.java.TypeConverterMapping" (org.datanucleus.store.rdbms.mapping.datastore.DateRDBMSMapping)
2016-11-10 23:46:37.302 La columna ""mister"."Articulo"."iva"" añadió a la representación de la table.
2016-11-10 23:46:37.302 Attempt to find JDBC driver 'typeInfo' for jdbc-type=DOUBLE but sql-type=DOUBLE is not found. Using default sql-type for this jdbc-type.
2016-11-10 23:46:37.302 Campo [domainapp.dom.mister.Articulo.Articulo.iva] -> Columnas ["mister"."Articulo"."iva"] usando mapping del tipo "org.datanucleus.store.rdbms.mapping.java.FloatMapping" (org.datanucleus.store.rdbms.mapping.datastore.DoubleRDBMSMapping)
2016-11-10 23:46:37.303 La columna ""mister"."Articulo"."nombre"" añadió a la representación de la table.
2016-11-10 23:46:37.303 Campo [domainapp.dom.mister.Articulo.Articulo.nombre] -> Columnas ["mister"."Articulo"."nombre"] usando mapping del tipo "org.datanucleus.store.rdbms.mapping.java.StringMapping" (org.datanucleus.store.rdbms.mapping.datastore.VarCharRDBMSMapping)
2016-11-10 23:46:37.303 La columna ""mister"."Articulo"."observaciones"" añadió a la representación de la table.
2016-11-10 23:46:37.303 Campo [domainapp.dom.mister.Articulo.Articulo.observaciones] -> Columnas ["mister"."Articulo"."observaciones"] usando mapping del tipo "org.datanucleus.store.rdbms.mapping.java.StringMapping" (org.datanucleus.store.rdbms.mapping.datastore.VarCharRDBMSMapping)
2016-11-10 23:46:37.304 La columna ""mister"."Articulo"."personal_personal_id_OID"" añadió a la representación de la table.
2016-11-10 23:46:37.304 Attempt to find JDBC driver 'typeInfo' for jdbc-type=BIGINT but sql-type=BIGINT is not found. Using default sql-type for this jdbc-type.
2016-11-10 23:46:37.304 Campo [domainapp.dom.mister.Articulo.Articulo.personal] -> Columnas ["mister"."Articulo"."personal_personal_id_OID"] usando mapping del tipo "org.datanucleus.store.rdbms.mapping.java.PersistableMapping" (org.datanucleus.store.rdbms.mapping.datastore.BigIntRDBMSMapping)
2016-11-10 23:46:37.305 La columna ""mister"."Articulo"."precioCosto"" añadió a la representación de la table.
2016-11-10 23:46:37.305 Attempt to find JDBC driver 'typeInfo' for jdbc-type=DOUBLE but sql-type=DOUBLE is not found. Using default sql-type for this jdbc-type.
2016-11-10 23:46:37.305 Campo [domainapp.dom.mister.Articulo.Articulo.precioCosto] -> Columnas ["mister"."Articulo"."precioCosto"] usando mapping del tipo "org.datanucleus.store.rdbms.mapping.java.FloatMapping" (org.datanucleus.store.rdbms.mapping.datastore.DoubleRDBMSMapping)
2016-11-10 23:46:37.305 La columna ""mister"."Articulo"."precioVenta"" añadió a la representación de la table.
2016-11-10 23:46:37.306 Attempt to find JDBC driver 'typeInfo' for jdbc-type=DOUBLE but sql-type=DOUBLE is not found. Using default sql-type for this jdbc-type.
2016-11-10 23:46:37.306 Campo [domainapp.dom.mister.Articulo.Articulo.precioVenta] -> Columnas ["mister"."Articulo"."precioVenta"] usando mapping del tipo "org.datanucleus.store.rdbms.mapping.java.FloatMapping" (org.datanucleus.store.rdbms.mapping.datastore.DoubleRDBMSMapping)
2016-11-10 23:46:37.306 La columna ""mister"."Articulo"."promocion"" añadió a la representación de la table.
2016-11-10 23:46:37.306 Attempt to find JDBC driver 'typeInfo' for jdbc-type=BIT but sql-type=BIT is not found. Using default sql-type for this jdbc-type.
2016-11-10 23:46:37.306 Campo [domainapp.dom.mister.Articulo.Articulo.promocion] -> Columnas ["mister"."Articulo"."promocion"] usando mapping del tipo "org.datanucleus.store.rdbms.mapping.java.BooleanMapping" (org.datanucleus.store.rdbms.mapping.datastore.BitRDBMSMapping)
2016-11-10 23:46:37.307 La columna ""mister"."Articulo"."proveedor_proveedor_id_OID"" añadió a la representación de la table.
2016-11-10 23:46:37.307 Attempt to find JDBC driver 'typeInfo' for jdbc-type=BIGINT but sql-type=BIGINT is not found. Using default sql-type for this jdbc-type.
2016-11-10 23:46:37.307 Campo [domainapp.dom.mister.Articulo.Articulo.proveedor] -> Columnas ["mister"."Articulo"."proveedor_proveedor_id_OID"] usando mapping del tipo "org.datanucleus.store.rdbms.mapping.java.PersistableMapping" (org.datanucleus.store.rdbms.mapping.datastore.BigIntRDBMSMapping)
2016-11-10 23:46:37.308 La columna ""mister"."Articulo"."rubro_rubro_id_OID"" añadió a la representación de la table.
2016-11-10 23:46:37.308 Attempt to find JDBC driver 'typeInfo' for jdbc-type=BIGINT but sql-type=BIGINT is not found. Using default sql-type for this jdbc-type.
2016-11-10 23:46:37.308 Campo [domainapp.dom.mister.Articulo.Articulo.rubro] -> Columnas ["mister"."Articulo"."rubro_rubro_id_OID"] usando mapping del tipo "org.datanucleus.store.rdbms.mapping.java.PersistableMapping" (org.datanucleus.store.rdbms.mapping.datastore.BigIntRDBMSMapping)
2016-11-10 23:46:37.309 La columna ""mister"."Articulo"."sub_Rubro_subrubro_id_OID"" añadió a la representación de la table.
2016-11-10 23:46:37.309 Attempt to find JDBC driver 'typeInfo' for jdbc-type=BIGINT but sql-type=BIGINT is not found. Using default sql-type for this jdbc-type.
2016-11-10 23:46:37.309 Campo [domainapp.dom.mister.Articulo.Articulo.sub_Rubro] -> Columnas ["mister"."Articulo"."sub_Rubro_subrubro_id_OID"] usando mapping del tipo "org.datanucleus.store.rdbms.mapping.java.PersistableMapping" (org.datanucleus.store.rdbms.mapping.datastore.BigIntRDBMSMapping)
2016-11-10 23:46:37.309 La columna ""mister"."Articulo"."version"" añadió a la representación de la table.
2016-11-10 23:46:37.310 Attempt to find JDBC driver 'typeInfo' for jdbc-type=TIMESTAMP but sql-type=TIMESTAMP is not found. Using default sql-type for this jdbc-type.
2016-11-10 23:46:37.310 Campo [VERSION] -> Columnas ["mister"."Articulo"."version"] usando mapping del tipo "org.datanucleus.store.rdbms.mapping.java.VersionTimestampMapping" (org.datanucleus.store.rdbms.mapping.datastore.TimestampRDBMSMapping)
2016-11-10 23:46:37.310 Table/View "mister"."Articulo" ha sido inicializado
2016-11-10 23:46:37.314 Empezando transaccion del esquema con conneccion "org.datanucleus.store.rdbms.datasource.dbcp.PoolingDataSource$PoolGuardConnectionWrapper@1fa494" y isolacion "serializable"
2016-11-10 23:46:37.317 Check of existence of "mister"."Rubro" returned no table
2016-11-10 23:46:37.318 Crear la tabla "mister"."Rubro"
2016-11-10 23:46:37.318 CREATE TABLE "mister"."Rubro"
(
    "rubro_id" SERIAL,
    "nombre" varchar(40) NOT NULL,
    "version" int8 NOT NULL,
    CONSTRAINT "Rubro_PK" PRIMARY KEY ("rubro_id")
)
2016-11-10 23:46:37.370 Tiempo de cumplir = 52 ms
2016-11-10 23:46:37.379 Check of existence of "mister"."Combo" returned no table
2016-11-10 23:46:37.380 Crear la tabla "mister"."Combo"
2016-11-10 23:46:37.382 CREATE TABLE "mister"."Combo"
(
    "combo_id" SERIAL,
    "activo" bool NOT NULL,
    "fechaAlta" date NOT NULL,
    "nombre" varchar(40) NOT NULL,
    "observaciones" varchar(255) NULL,
    "personal_personal_id_OID" int8 NOT NULL,
    "precioVenta" float8 NOT NULL,
    "version" timestamptz NOT NULL,
    CONSTRAINT "Combo_PK" PRIMARY KEY ("combo_id")
)
2016-11-10 23:46:37.438 Tiempo de cumplir = 55 ms
2016-11-10 23:46:37.445 Check of existence of "mister"."ComboArticulo" returned no table
2016-11-10 23:46:37.446 Crear la tabla "mister"."ComboArticulo"
2016-11-10 23:46:37.446 CREATE TABLE "mister"."ComboArticulo"
(
    "comboArt_id" SERIAL,
    "articulo_articulo_id_OID" int8 NULL,
    "cantidad" int4 NOT NULL,
    "combo_combo_id_OID" int8 NULL,
    "version" timestamptz NOT NULL,
    CONSTRAINT "ComboArticulo_PK" PRIMARY KEY ("comboArt_id")
)
2016-11-10 23:46:37.483 Tiempo de cumplir = 37 ms
2016-11-10 23:46:37.488 Check of existence of "mister"."SubRubro" returned no table
2016-11-10 23:46:37.488 Crear la tabla "mister"."SubRubro"
2016-11-10 23:46:37.489 CREATE TABLE "mister"."SubRubro"
(
    "subrubro_id" SERIAL,
    "nombre" varchar(255) NOT NULL,
    "rubro_rubro_id_OID" int8 NOT NULL,
    "version" int8 NOT NULL,
    CONSTRAINT "SubRubro_PK" PRIMARY KEY ("subrubro_id")
)
2016-11-10 23:46:37.539 Tiempo de cumplir = 50 ms
2016-11-10 23:46:37.545 Check of existence of "mister"."Personal" returned no table
2016-11-10 23:46:37.545 Crear la tabla "mister"."Personal"
2016-11-10 23:46:37.546 CREATE TABLE "mister"."Personal"
(
    "personal_id" SERIAL,
    "categoria" varchar(255) NOT NULL,
    "legajo" int4 NOT NULL,
    "apellido" varchar(255) NOT NULL,
    "direccion" varchar(255) NOT NULL,
    "dni" int4 NOT NULL,
    "email" varchar(255) NOT NULL,
    "nombre" varchar(255) NOT NULL,
    "telefono" int4 NOT NULL,
    "version" timestamptz NOT NULL,
    CONSTRAINT "Personal_PK" PRIMARY KEY ("personal_id")
)
2016-11-10 23:46:37.651 Tiempo de cumplir = 105 ms
2016-11-10 23:46:37.658 Check of existence of "mister"."Proveedor" returned no table
2016-11-10 23:46:37.659 Crear la tabla "mister"."Proveedor"
2016-11-10 23:46:37.659 CREATE TABLE "mister"."Proveedor"
(
    "proveedor_id" SERIAL,
    "condicion" varchar(255) NOT NULL,
    "contacto" varchar(255) NOT NULL,
    "correoElectronico" varchar(255) NOT NULL,
    "cuit" varchar(255) NOT NULL,
    "direccion" varchar(255) NOT NULL,
    "nombreComercial" varchar(255) NOT NULL,
    "rubro_rubro_id_OID" int8 NOT NULL,
    "telefono" varchar(255) NOT NULL,
    "version" int8 NOT NULL,
    CONSTRAINT "Proveedor_PK" PRIMARY KEY ("proveedor_id")
)
2016-11-10 23:46:37.740 Tiempo de cumplir = 81 ms
2016-11-10 23:46:37.747 Check of existence of "mister"."Cliente" returned no table
2016-11-10 23:46:37.748 Crear la tabla "mister"."Cliente"
2016-11-10 23:46:37.748 CREATE TABLE "mister"."Cliente"
(
    "cliente_id" SERIAL,
    "observaciones" varchar(255) NOT NULL,
    "apellido" varchar(255) NOT NULL,
    "direccion" varchar(255) NOT NULL,
    "dni" int4 NOT NULL,
    "email" varchar(255) NOT NULL,
    "nombre" varchar(255) NOT NULL,
    "telefono" int4 NOT NULL,
    "version" timestamptz NOT NULL,
    CONSTRAINT "Cliente_PK" PRIMARY KEY ("cliente_id")
)
2016-11-10 23:46:37.819 Tiempo de cumplir = 71 ms
2016-11-10 23:46:37.825 Check of existence of "mister"."Articulo" returned no table
2016-11-10 23:46:37.825 Crear la tabla "mister"."Articulo"
2016-11-10 23:46:37.826 CREATE TABLE "mister"."Articulo"
(
    "articulo_id" SERIAL,
    "activo" bool NOT NULL,
    "codBarra" int8 NULL,
    "codigo" int4 NOT NULL,
    "fechaAlta" date NOT NULL,
    "iva" float8 NOT NULL,
    "nombre" varchar(60) NOT NULL,
    "observaciones" varchar(255) NULL,
    "personal_personal_id_OID" int8 NOT NULL,
    "precioCosto" float8 NOT NULL,
    "precioVenta" float8 NOT NULL,
    "promocion" bool NOT NULL,
    "proveedor_proveedor_id_OID" int8 NOT NULL,
    "rubro_rubro_id_OID" int8 NULL,
    "sub_Rubro_subrubro_id_OID" int8 NULL,
    "version" timestamptz NOT NULL,
    CONSTRAINT "Articulo_PK" PRIMARY KEY ("articulo_id")
)
2016-11-10 23:46:37.864 Tiempo de cumplir = 38 ms
2016-11-10 23:46:37.874 Crear la llave unica "Rubro_nomb_UNQ" en catalogo "" equema ""mister""
2016-11-10 23:46:37.874 ALTER TABLE "mister"."Rubro" ADD CONSTRAINT "Rubro_nomb_UNQ" UNIQUE ("nombre")
2016-11-10 23:46:37.920 Tiempo de cumplir = 45 ms
2016-11-10 23:46:37.926 Crear la llave unica "Combo_nom_UNQ" en catalogo "" equema ""mister""
2016-11-10 23:46:37.926 ALTER TABLE "mister"."Combo" ADD CONSTRAINT "Combo_nom_UNQ" UNIQUE ("nombre")
2016-11-10 23:46:37.964 Tiempo de cumplir = 38 ms
2016-11-10 23:46:37.969 Crear el constreñimiento del foreign key "Combo_FK1" en catalogo "" equema ""mister""
2016-11-10 23:46:37.969 ALTER TABLE "mister"."Combo" ADD CONSTRAINT "Combo_FK1" FOREIGN KEY ("personal_personal_id_OID") REFERENCES "mister"."Personal" ("personal_id") INITIALLY DEFERRED 
2016-11-10 23:46:37.973 Tiempo de cumplir = 4 ms
2016-11-10 23:46:37.975 Crear el indice "Combo_N49" en catalogo "" equema ""mister""
2016-11-10 23:46:37.976 CREATE INDEX "Combo_N49" ON "mister"."Combo" ("personal_personal_id_OID")
2016-11-10 23:46:38.009 Tiempo de cumplir = 33 ms
2016-11-10 23:46:38.010 Crear el constreñimiento del foreign key "ComboArticulo_FK1" en catalogo "" equema ""mister""
2016-11-10 23:46:38.010 ALTER TABLE "mister"."ComboArticulo" ADD CONSTRAINT "ComboArticulo_FK1" FOREIGN KEY ("articulo_articulo_id_OID") REFERENCES "mister"."Articulo" ("articulo_id") INITIALLY DEFERRED 
2016-11-10 23:46:38.013 Tiempo de cumplir = 3 ms
2016-11-10 23:46:38.013 Crear el constreñimiento del foreign key "ComboArticulo_FK2" en catalogo "" equema ""mister""
2016-11-10 23:46:38.014 ALTER TABLE "mister"."ComboArticulo" ADD CONSTRAINT "ComboArticulo_FK2" FOREIGN KEY ("combo_combo_id_OID") REFERENCES "mister"."Combo" ("combo_id") INITIALLY DEFERRED 
2016-11-10 23:46:38.016 Tiempo de cumplir = 2 ms
2016-11-10 23:46:38.017 Crear el indice "ComboArticulo_N50" en catalogo "" equema ""mister""
2016-11-10 23:46:38.017 CREATE INDEX "ComboArticulo_N50" ON "mister"."ComboArticulo" ("combo_combo_id_OID")
2016-11-10 23:46:38.065 Tiempo de cumplir = 48 ms
2016-11-10 23:46:38.066 Crear el indice "ComboArticulo_N49" en catalogo "" equema ""mister""
2016-11-10 23:46:38.066 CREATE INDEX "ComboArticulo_N49" ON "mister"."ComboArticulo" ("articulo_articulo_id_OID")
2016-11-10 23:46:38.132 Tiempo de cumplir = 66 ms
2016-11-10 23:46:38.133 Crear la llave unica "SubRubro_nombre_UNQ" en catalogo "" equema ""mister""
2016-11-10 23:46:38.133 ALTER TABLE "mister"."SubRubro" ADD CONSTRAINT "SubRubro_nombre_UNQ" UNIQUE ("nombre","rubro_rubro_id_OID")
2016-11-10 23:46:38.165 Tiempo de cumplir = 32 ms
2016-11-10 23:46:38.166 Crear el constreñimiento del foreign key "SubRubro_FK1" en catalogo "" equema ""mister""
2016-11-10 23:46:38.166 ALTER TABLE "mister"."SubRubro" ADD CONSTRAINT "SubRubro_FK1" FOREIGN KEY ("rubro_rubro_id_OID") REFERENCES "mister"."Rubro" ("rubro_id") INITIALLY DEFERRED 
2016-11-10 23:46:38.168 Tiempo de cumplir = 2 ms
2016-11-10 23:46:38.168 Crear el indice "SubRubro_N49" en catalogo "" equema ""mister""
2016-11-10 23:46:38.168 CREATE INDEX "SubRubro_N49" ON "mister"."SubRubro" ("rubro_rubro_id_OID")
2016-11-10 23:46:38.211 Tiempo de cumplir = 43 ms
2016-11-10 23:46:38.211 Crear la llave unica "Personal_nombre_UNQ" en catalogo "" equema ""mister""
2016-11-10 23:46:38.211 ALTER TABLE "mister"."Personal" ADD CONSTRAINT "Personal_nombre_UNQ" UNIQUE ("nombre")
2016-11-10 23:46:38.244 Tiempo de cumplir = 33 ms
2016-11-10 23:46:38.245 Crear la llave unica "Proveedor_nombrec_UNQ" en catalogo "" equema ""mister""
2016-11-10 23:46:38.245 ALTER TABLE "mister"."Proveedor" ADD CONSTRAINT "Proveedor_nombrec_UNQ" UNIQUE ("nombreComercial")
2016-11-10 23:46:38.289 Tiempo de cumplir = 44 ms
2016-11-10 23:46:38.290 Crear el constreñimiento del foreign key "Proveedor_FK1" en catalogo "" equema ""mister""
2016-11-10 23:46:38.290 ALTER TABLE "mister"."Proveedor" ADD CONSTRAINT "Proveedor_FK1" FOREIGN KEY ("rubro_rubro_id_OID") REFERENCES "mister"."Rubro" ("rubro_id") INITIALLY DEFERRED 
2016-11-10 23:46:38.293 Tiempo de cumplir = 3 ms
2016-11-10 23:46:38.294 Crear el indice "Proveedor_N49" en catalogo "" equema ""mister""
2016-11-10 23:46:38.294 CREATE INDEX "Proveedor_N49" ON "mister"."Proveedor" ("rubro_rubro_id_OID")
2016-11-10 23:46:38.333 Tiempo de cumplir = 39 ms
2016-11-10 23:46:38.334 Crear la llave unica "Cliente_nom_UNQ" en catalogo "" equema ""mister""
2016-11-10 23:46:38.334 ALTER TABLE "mister"."Cliente" ADD CONSTRAINT "Cliente_nom_UNQ" UNIQUE ("nombre")
2016-11-10 23:46:38.368 Tiempo de cumplir = 33 ms
2016-11-10 23:46:38.369 Crear la llave unica "Articulo_des_UNQ" en catalogo "" equema ""mister""
2016-11-10 23:46:38.369 ALTER TABLE "mister"."Articulo" ADD CONSTRAINT "Articulo_des_UNQ" UNIQUE ("nombre")
2016-11-10 23:46:38.412 Tiempo de cumplir = 43 ms
2016-11-10 23:46:38.413 Crear el constreñimiento del foreign key "Articulo_FK1" en catalogo "" equema ""mister""
2016-11-10 23:46:38.413 ALTER TABLE "mister"."Articulo" ADD CONSTRAINT "Articulo_FK1" FOREIGN KEY ("personal_personal_id_OID") REFERENCES "mister"."Personal" ("personal_id") INITIALLY DEFERRED 
2016-11-10 23:46:38.416 Tiempo de cumplir = 2 ms
2016-11-10 23:46:38.416 Crear el constreñimiento del foreign key "Articulo_FK2" en catalogo "" equema ""mister""
2016-11-10 23:46:38.416 ALTER TABLE "mister"."Articulo" ADD CONSTRAINT "Articulo_FK2" FOREIGN KEY ("proveedor_proveedor_id_OID") REFERENCES "mister"."Proveedor" ("proveedor_id") INITIALLY DEFERRED 
2016-11-10 23:46:38.418 Tiempo de cumplir = 2 ms
2016-11-10 23:46:38.418 Crear el constreñimiento del foreign key "Articulo_FK3" en catalogo "" equema ""mister""
2016-11-10 23:46:38.418 ALTER TABLE "mister"."Articulo" ADD CONSTRAINT "Articulo_FK3" FOREIGN KEY ("rubro_rubro_id_OID") REFERENCES "mister"."Rubro" ("rubro_id") INITIALLY DEFERRED 
2016-11-10 23:46:38.421 Tiempo de cumplir = 2 ms
2016-11-10 23:46:38.421 Crear el constreñimiento del foreign key "Articulo_FK4" en catalogo "" equema ""mister""
2016-11-10 23:46:38.421 ALTER TABLE "mister"."Articulo" ADD CONSTRAINT "Articulo_FK4" FOREIGN KEY ("sub_Rubro_subrubro_id_OID") REFERENCES "mister"."SubRubro" ("subrubro_id") INITIALLY DEFERRED 
2016-11-10 23:46:38.423 Tiempo de cumplir = 2 ms
2016-11-10 23:46:38.424 Crear el indice "Articulo_N49" en catalogo "" equema ""mister""
2016-11-10 23:46:38.424 CREATE INDEX "Articulo_N49" ON "mister"."Articulo" ("personal_personal_id_OID")
2016-11-10 23:46:38.457 Tiempo de cumplir = 33 ms
2016-11-10 23:46:38.457 Crear el indice "Articulo_N50" en catalogo "" equema ""mister""
2016-11-10 23:46:38.457 CREATE INDEX "Articulo_N50" ON "mister"."Articulo" ("sub_Rubro_subrubro_id_OID")
2016-11-10 23:46:38.491 Tiempo de cumplir = 34 ms
2016-11-10 23:46:38.491 Crear el indice "Articulo_N51" en catalogo "" equema ""mister""
2016-11-10 23:46:38.491 CREATE INDEX "Articulo_N51" ON "mister"."Articulo" ("proveedor_proveedor_id_OID")
2016-11-10 23:46:38.535 Tiempo de cumplir = 43 ms
2016-11-10 23:46:38.536 Crear el indice "Articulo_N52" en catalogo "" equema ""mister""
2016-11-10 23:46:38.536 CREATE INDEX "Articulo_N52" ON "mister"."Articulo" ("rubro_rubro_id_OID")
2016-11-10 23:46:38.582 Tiempo de cumplir = 46 ms
2016-11-10 23:46:38.583 Committing transaccion del esquema "org.datanucleus.store.rdbms.datasource.dbcp.PoolingDataSource$PoolGuardConnectionWrapper@1fa494"
2016-11-10 23:46:38.599 Cerrando la conneccion de la transaccion del esquema "org.datanucleus.store.rdbms.datasource.dbcp.PoolingDataSource$PoolGuardConnectionWrapper@1fa494"
2016-11-10 23:48:41.893 INSERT INTO "mister"."Personal" ("categoria","legajo","apellido","direccion","dni","email","nombre","telefono","version") VALUES (<'Cocinero'>,<100>,<'mesa'>,<'mitre 940'>,<32142123>,<'sdfsd@sadfdas.com.ar'>,<'juan carlos'>,<23434>,<2016-11-10 23:48:41.891>)
2016-11-10 23:48:42.104 SELECT "A0"."apellido","A0"."direccion","A0"."dni","A0"."email","A0"."nombre","A0"."telefono","A0"."categoria","A0"."legajo","A0"."version" FROM "mister"."Personal" "A0" WHERE "A0"."personal_id" = <1>
2016-11-10 23:49:25.063 INSERT INTO "mister"."Rubro" ("nombre","version") VALUES (<'bebidas'>,<1>)
2016-11-10 23:49:25.271 SELECT "A0"."nombre","A0"."version" FROM "mister"."Rubro" "A0" WHERE "A0"."rubro_id" = <1>
2016-11-10 23:49:28.800 SELECT "A0"."nombre","A0"."version" FROM "mister"."Rubro" "A0" WHERE "A0"."rubro_id" = <1>
2016-11-10 23:49:34.067 SELECT "A0"."nombre","A0"."version" FROM "mister"."Rubro" "A0" WHERE "A0"."rubro_id" = <1>
2016-11-10 23:49:34.147 SELECT "A0"."nombre","A0"."version" FROM "mister"."Rubro" "A0" WHERE "A0"."rubro_id" = <1>
2016-11-10 23:49:34.152 INSERT INTO "mister"."SubRubro" ("nombre","rubro_rubro_id_OID","version") VALUES (<'con gas'>,<1>,<1>)
2016-11-10 23:49:34.281 SELECT "A0"."nombre","A0"."version" FROM "mister"."SubRubro" "A0" WHERE "A0"."subrubro_id" = <1>
2016-11-10 23:49:34.291 SELECT "A0"."nombre","A0"."version" FROM "mister"."Rubro" "A0" WHERE "A0"."rubro_id" = <1>
2016-11-10 23:49:41.810 INSERT INTO "mister"."Rubro" ("nombre","version") VALUES (<'comida'>,<1>)
2016-11-10 23:49:41.925 SELECT "A0"."nombre","A0"."version" FROM "mister"."Rubro" "A0" WHERE "A0"."rubro_id" = <2>
2016-11-10 23:49:43.393 SELECT "A0"."nombre","A0"."version" FROM "mister"."Rubro" "A0" WHERE "A0"."rubro_id" = <2>
2016-11-10 23:49:50.085 SELECT "A0"."nombre","A0"."version" FROM "mister"."Rubro" "A0" WHERE "A0"."rubro_id" = <2>
2016-11-10 23:49:57.156 SELECT "A0"."nombre","A0"."version" FROM "mister"."Rubro" "A0" WHERE "A0"."rubro_id" = <2>
2016-11-10 23:49:57.212 SELECT "A0"."nombre","A0"."version" FROM "mister"."Rubro" "A0" WHERE "A0"."rubro_id" = <2>
2016-11-10 23:49:57.217 INSERT INTO "mister"."SubRubro" ("nombre","rubro_rubro_id_OID","version") VALUES (<'hamburgesa'>,<2>,<1>)
2016-11-10 23:49:57.310 SELECT "A0"."nombre","A0"."version" FROM "mister"."SubRubro" "A0" WHERE "A0"."subrubro_id" = <2>
2016-11-10 23:49:57.319 SELECT "A0"."nombre","A0"."version" FROM "mister"."Rubro" "A0" WHERE "A0"."rubro_id" = <2>
2016-11-10 23:50:02.810 SELECT 'domainapp.dom.mister.Rubro.Rubro' AS "NUCLEUS_TYPE","A0"."nombre","A0"."rubro_id","A0"."version" FROM "mister"."Rubro" "A0"
2016-11-10 23:50:06.908 SELECT 'domainapp.dom.mister.Rubro.Rubro' AS "NUCLEUS_TYPE","A0"."nombre","A0"."rubro_id","A0"."version" FROM "mister"."Rubro" "A0"
2016-11-10 23:50:09.577 SELECT 'domainapp.dom.mister.Rubro.Rubro' AS "NUCLEUS_TYPE","A0"."nombre","A0"."rubro_id","A0"."version" FROM "mister"."Rubro" "A0"
2016-11-10 23:50:12.548 SELECT 'domainapp.dom.mister.Rubro.Rubro' AS "NUCLEUS_TYPE","A0"."nombre","A0"."rubro_id","A0"."version" FROM "mister"."Rubro" "A0"
2016-11-10 23:50:13.969 SELECT 'domainapp.dom.mister.Rubro.Rubro' AS "NUCLEUS_TYPE","A0"."nombre","A0"."rubro_id","A0"."version" FROM "mister"."Rubro" "A0"
2016-11-10 23:50:19.787 SELECT 'domainapp.dom.mister.Rubro.Rubro' AS "NUCLEUS_TYPE","A0"."nombre","A0"."rubro_id","A0"."version" FROM "mister"."Rubro" "A0"
2016-11-10 23:50:22.546 SELECT 'domainapp.dom.mister.Rubro.Rubro' AS "NUCLEUS_TYPE","A0"."nombre","A0"."rubro_id","A0"."version" FROM "mister"."Rubro" "A0"
2016-11-10 23:50:24.197 SELECT 'domainapp.dom.mister.Rubro.Rubro' AS "NUCLEUS_TYPE","A0"."nombre","A0"."rubro_id","A0"."version" FROM "mister"."Rubro" "A0"
2016-11-10 23:50:25.820 SELECT "A0"."nombre","A0"."version" FROM "mister"."Rubro" "A0" WHERE "A0"."rubro_id" = <1>
2016-11-10 23:50:25.823 SELECT "A0"."nombre","A0"."version" FROM "mister"."Rubro" "A0" WHERE "A0"."rubro_id" = <2>
2016-11-10 23:50:26.788 SELECT "A0"."nombre","A0"."version" FROM "mister"."Rubro" "A0" WHERE "A0"."rubro_id" = <2>
2016-11-10 23:50:26.791 SELECT 'domainapp.dom.mister.Rubro.Rubro' AS "NUCLEUS_TYPE","A0"."nombre","A0"."rubro_id","A0"."version" FROM "mister"."Rubro" "A0"
2016-11-10 23:50:30.280 SELECT "A0"."nombre","A0"."version" FROM "mister"."Rubro" "A0" WHERE "A0"."rubro_id" = <2>
2016-11-10 23:50:30.286 INSERT INTO "mister"."Proveedor" ("condicion","contacto","correoElectronico","cuit","direccion","nombreComercial","rubro_rubro_id_OID","telefono","version") VALUES (<'RESPONSABLE_INSCRIPTO'>,<'dsas'>,<'wdd@asda.com'>,<'11-22221111-2'>,<'s sdf sdf 33'>,<'juanito'>,<2>,<'213432'>,<1>)
2016-11-10 23:50:30.366 SELECT "A0"."condicion","A0"."contacto","A0"."correoElectronico","A0"."cuit","A0"."direccion","A0"."nombreComercial","A0"."telefono","A0"."version" FROM "mister"."Proveedor" "A0" WHERE "A0"."proveedor_id" = <1>
2016-11-10 23:50:30.377 SELECT "A0"."nombre","A0"."version" FROM "mister"."Rubro" "A0" WHERE "A0"."rubro_id" = <2>
2016-11-10 23:50:33.469 SELECT 'domainapp.dom.mister.Rubro.Rubro' AS "NUCLEUS_TYPE","A0"."nombre","A0"."rubro_id","A0"."version" FROM "mister"."Rubro" "A0"
2016-11-10 23:50:33.483 SELECT 'domainapp.dom.mister.SubRubro.SubRubro' AS "NUCLEUS_TYPE","A0"."nombre","A0"."subrubro_id","A0"."version" FROM "mister"."SubRubro" "A0"
2016-11-10 23:50:33.501 SELECT 'domainapp.dom.mister.Personal.Personal' AS "NUCLEUS_TYPE","A0"."apellido","A0"."direccion","A0"."dni","A0"."email","A0"."nombre","A0"."telefono","A0"."categoria","A0"."legajo","A0"."personal_id","A0"."version" FROM "mister"."Personal" "A0"
2016-11-10 23:50:33.513 SELECT 'domainapp.dom.mister.Proveedor.Proveedor' AS "NUCLEUS_TYPE","A0"."condicion","A0"."contacto","A0"."correoElectronico","A0"."cuit","A0"."direccion","A0"."nombreComercial","A0"."telefono","A0"."proveedor_id","A0"."version" FROM "mister"."Proveedor" "A0"
2016-11-10 23:50:37.782 SELECT "A0"."apellido","A0"."direccion","A0"."dni","A0"."email","A0"."nombre","A0"."telefono","A0"."categoria","A0"."legajo","A0"."version" FROM "mister"."Personal" "A0" WHERE "A0"."personal_id" = <1>
2016-11-10 23:50:42.993 SELECT "A0"."nombre","A0"."version" FROM "mister"."SubRubro" "A0" WHERE "A0"."subrubro_id" = <1>
2016-11-10 23:50:42.996 SELECT "A0"."nombre","A0"."version" FROM "mister"."SubRubro" "A0" WHERE "A0"."subrubro_id" = <2>
2016-11-10 23:50:45.367 SELECT "A0"."apellido","A0"."direccion","A0"."dni","A0"."email","A0"."nombre","A0"."telefono","A0"."categoria","A0"."legajo","A0"."version" FROM "mister"."Personal" "A0" WHERE "A0"."personal_id" = <1>
2016-11-10 23:50:48.029 SELECT "A0"."condicion","A0"."contacto","A0"."correoElectronico","A0"."cuit","A0"."direccion","A0"."nombreComercial","A0"."telefono","A0"."version" FROM "mister"."Proveedor" "A0" WHERE "A0"."proveedor_id" = <1>
